*** Starting uWSGI 2.0.18 (64bit) on [Tue Sep 13 09:06:55 2022] ***
compiled with version: 10.2.1 20210110 on 13 September 2022 08:42:51
os: Linux-5.10.16.3-microsoft-standard-WSL2 #1 SMP Fri Apr 2 22:23:49 UTC 2021
nodename: f86270a1f44f
machine: x86_64
clock source: unix
pcre jit disabled
detected number of CPU cores: 8
current working directory: /var/www/html/myproject
writing pidfile to /tmp/myproject-master.pid
detected binary path: /usr/local/bin/uwsgi
chdir() to /var/www/html/myproject
your memory page size is 4096 bytes
 *** WARNING: you have enabled harakiri without post buffering. Slow upload could be rejected on post-unbuffered webservers *** 
detected max file descriptor number: 1048576
lock engine: pthread robust mutexes
thunder lock: disabled (you can enable it with --thunder-lock)
uwsgi socket 0 bound to TCP address 0.0.0.0:8000 fd 3
setgid() to 33
setuid() to 33
Python version: 3.9.14 (main, Sep  7 2022, 23:02:01)  [GCC 10.2.1 20210110]
*** Python threads support is disabled. You can enable it with --enable-threads ***
Python main interpreter initialized at 0x5641996c60d0
your server socket listen backlog is limited to 100 connections
your mercy for graceful operations on workers is 60 seconds
mapped 403077 bytes (393 KB) for 2 cores
*** Operational MODE: preforking ***
WSGI app 0 (mountpoint='') ready in 0 seconds on interpreter 0x5641996c60d0 pid: 14 (default app)
*** uWSGI is running in multiple interpreter mode ***
spawned uWSGI master process (pid: 14)
spawned uWSGI worker 1 (pid: 16, cores: 1)
spawned uWSGI worker 2 (pid: 17, cores: 1)
*** Starting uWSGI 2.0.18 (64bit) on [Tue Sep 13 09:07:49 2022] ***
compiled with version: 10.2.1 20210110 on 13 September 2022 08:42:51
os: Linux-5.10.16.3-microsoft-standard-WSL2 #1 SMP Fri Apr 2 22:23:49 UTC 2021
nodename: 572d55b59f36
machine: x86_64
clock source: unix
pcre jit disabled
detected number of CPU cores: 8
current working directory: /var/www/html/myproject
writing pidfile to /tmp/myproject-master.pid
detected binary path: /usr/local/bin/uwsgi
chdir() to /var/www/html/myproject
your memory page size is 4096 bytes
 *** WARNING: you have enabled harakiri without post buffering. Slow upload could be rejected on post-unbuffered webservers *** 
detected max file descriptor number: 1048576
lock engine: pthread robust mutexes
thunder lock: disabled (you can enable it with --thunder-lock)
uwsgi socket 0 bound to TCP address 0.0.0.0:8000 fd 3
setgid() to 33
setuid() to 33
Python version: 3.9.14 (main, Sep  7 2022, 23:02:01)  [GCC 10.2.1 20210110]
*** Python threads support is disabled. You can enable it with --enable-threads ***
Python main interpreter initialized at 0x555855ee30d0
your server socket listen backlog is limited to 100 connections
your mercy for graceful operations on workers is 60 seconds
mapped 403077 bytes (393 KB) for 2 cores
*** Operational MODE: preforking ***
WSGI app 0 (mountpoint='') ready in 1 seconds on interpreter 0x555855ee30d0 pid: 14 (default app)
*** uWSGI is running in multiple interpreter mode ***
spawned uWSGI master process (pid: 14)
spawned uWSGI worker 1 (pid: 16, cores: 1)
spawned uWSGI worker 2 (pid: 17, cores: 1)
*** Starting uWSGI 2.0.18 (64bit) on [Tue Sep 13 09:24:28 2022] ***
compiled with version: 10.2.1 20210110 on 13 September 2022 08:42:51
os: Linux-5.10.16.3-microsoft-standard-WSL2 #1 SMP Fri Apr 2 22:23:49 UTC 2021
nodename: cd732b973a89
machine: x86_64
clock source: unix
pcre jit disabled
detected number of CPU cores: 8
current working directory: /var/www/html/myproject
writing pidfile to /tmp/myproject-master.pid
detected binary path: /usr/local/bin/uwsgi
chdir() to /var/www/html/myproject
your memory page size is 4096 bytes
 *** WARNING: you have enabled harakiri without post buffering. Slow upload could be rejected on post-unbuffered webservers *** 
detected max file descriptor number: 1048576
lock engine: pthread robust mutexes
thunder lock: disabled (you can enable it with --thunder-lock)
uwsgi socket 0 bound to TCP address 0.0.0.0:8000 fd 3
setgid() to 33
setuid() to 33
Python version: 3.9.14 (main, Sep  7 2022, 23:02:01)  [GCC 10.2.1 20210110]
*** Python threads support is disabled. You can enable it with --enable-threads ***
Python main interpreter initialized at 0x55615c3830d0
your server socket listen backlog is limited to 100 connections
your mercy for graceful operations on workers is 60 seconds
mapped 403077 bytes (393 KB) for 2 cores
*** Operational MODE: preforking ***
WSGI app 0 (mountpoint='') ready in 0 seconds on interpreter 0x55615c3830d0 pid: 15 (default app)
*** uWSGI is running in multiple interpreter mode ***
spawned uWSGI master process (pid: 15)
spawned uWSGI worker 1 (pid: 17, cores: 1)
spawned uWSGI worker 2 (pid: 18, cores: 1)
